<?xml version="1.0" encoding="UTF-8" ?>
<testsuite tests="20" failures="0" name="org.java_websocket.issues.Issue879Test" time="19.361" errors="0" skipped="0">
  <properties>
[...]
</properties>
  <testcase classname="org.java_websocket.issues.Issue879Test" name="QuickStopTest[0]" time="0.164"/>
  <testcase classname="org.java_websocket.issues.Issue879Test" name="QuickStopTest[1]" time="0.213"/>
  <testcase classname="org.java_websocket.issues.Issue879Test" name="QuickStopTest[2]" time="0.302"/>
  <testcase classname="org.java_websocket.issues.Issue879Test" name="QuickStopTest[3]" time="0.405"/>
  <testcase classname="org.java_websocket.issues.Issue879Test" name="QuickStopTest[4]" time="0.424"/>
  <testcase classname="org.java_websocket.issues.Issue879Test" name="QuickStopTest[5]" time="0.48"/>
  <testcase classname="org.java_websocket.issues.Issue879Test" name="QuickStopTest[6]" time="0.579"/>
  <testcase classname="org.java_websocket.issues.Issue879Test" name="QuickStopTest[7]" time="0.678"/>
  <testcase classname="org.java_websocket.issues.Issue879Test" name="QuickStopTest[8]" time="0.731"/>
  <testcase classname="org.java_websocket.issues.Issue879Test" name="QuickStopTest[9]" time="0.795"/>
  <testcase classname="org.java_websocket.issues.Issue879Test" name="QuickStopTest[10]" time="0.882"/>
  <testcase classname="org.java_websocket.issues.Issue879Test" name="QuickStopTest[11]" time="1.002"/>
  <testcase classname="org.java_websocket.issues.Issue879Test" name="QuickStopTest[12]" time="1.094"/>
  <testcase classname="org.java_websocket.issues.Issue879Test" name="QuickStopTest[13]" time="1.141"/>
  <testcase classname="org.java_websocket.issues.Issue879Test" name="QuickStopTest[14]" time="1.341"/>
  <testcase classname="org.java_websocket.issues.Issue879Test" name="QuickStopTest[15]" time="1.348"/>
  <testcase classname="org.java_websocket.issues.Issue879Test" name="QuickStopTest[16]" time="1.522"/>
  <testcase classname="org.java_websocket.issues.Issue879Test" name="QuickStopTest[17]" time="2.771"/>
  <testcase classname="org.java_websocket.issues.Issue879Test" name="QuickStopTest[18]" time="1.668"/>
  <testcase classname="org.java_websocket.issues.Issue879Test" name="QuickStopTest[19]" time="1.821"/>
</testsuite>