<?xml version="1.0" encoding="UTF-8" ?>
<testsuite tests="6" failures="0" name="org.java_websocket.issues.Issue997Test" time="0.348" errors="0" skipped="0">
  <properties>
[...]
</properties>
  <testcase classname="org.java_websocket.issues.Issue997Test" name="test_localServer_ServerLocalhost_ClientLocalhost_CheckDefault" time="0.182"/>
  <testcase classname="org.java_websocket.issues.Issue997Test" name="test_localServer_ServerLocalhost_Client127_CheckActive" time="0.034"/>
  <testcase classname="org.java_websocket.issues.Issue997Test" name="test_localServer_ServerLocalhost_ClientLocalhost_CheckInactive" time="0.043"/>
  <testcase classname="org.java_websocket.issues.Issue997Test" name="test_localServer_ServerLocalhost_Client127_CheckInactive" time="0.035"/>
  <testcase classname="org.java_websocket.issues.Issue997Test" name="test_localServer_ServerLocalhost_Client127_CheckDefault" time="0.024"/>
  <testcase classname="org.java_websocket.issues.Issue997Test" name="test_localServer_ServerLocalhost_ClientLocalhost_CheckActive" time="0.03"/>
</testsuite>